<?xml version="1.0" encoding="UTF-8"?>
<!-- Generated by org.testng.reporters.JUnitReportReporter -->
<testsuite hostname="QB-TP3-2221" failures="0" tests="4" name="Example" time="4.926" errors="0" timestamp="2023-04-04T15:43:16 IST" skipped="0">
  <testcase classname="Example" name="sauceDemoLaunch" time="0.864"/>
  <system-out/>
  <testcase classname="Example" name="sauceDemoLaunch" time="0.810"/>
  <system-out/>
  <testcase classname="Example" name="teslaLaunch" time="1.264"/>
  <system-out/>
  <testcase classname="Example" name="teslaLaunch" time="1.988"/>
  <system-out/>
</testsuite> <!-- Example -->
