<?xml version="1.0" encoding="UTF-8"?>
<!-- Generated by org.testng.reporters.JUnitReportReporter -->
<testsuite hostname="QB-TP3-2221" failures="0" tests="2" name="Example" time="11.278" errors="0" timestamp="2023-04-04T19:21:11 IST" skipped="0">
  <testcase classname="Example" name="sauceDemoLaunch" time="5.628"/>
  <system-out/>
  <testcase classname="Example" name="teslaLaunch" time="5.650"/>
  <system-out/>
</testsuite> <!-- Example -->
