<?xml version="1.0" encoding="UTF-8"?>
<!-- Generated by org.testng.reporters.JUnitReportReporter -->
<testsuite hostname="QB-TP3-2221" failures="0" tests="4" name="Example" time="5.195" errors="0" timestamp="2023-04-04T15:52:07 IST" skipped="0">
  <testcase classname="Example" name="sauceDemoLaunch" time="0.647"/>
  <system-out/>
  <testcase classname="Example" name="teslaLaunch" time="2.148"/>
  <system-out/>
  <testcase classname="Example" name="sauceDemoLaunch" time="0.881"/>
  <system-out/>
  <testcase classname="Example" name="teslaLaunch" time="1.519"/>
  <system-out/>
</testsuite> <!-- Example -->
