<?xml version="1.0" encoding="UTF-8"?>
<!-- Generated by org.testng.reporters.JUnitReportReporter -->
<testsuite hostname="QB-TP3-2221" failures="0" tests="1" name="Example" time="5.300" errors="0" timestamp="2023-03-23T12:26:00 IST" skipped="0">
  <testcase classname="Example" name="getstring" time="5.300"/>
  <system-out/>
</testsuite> <!-- Example -->
