<?xml version="1.0" encoding="UTF-8"?>
<!-- Generated by org.testng.reporters.JUnitReportReporter -->
<testsuite hostname="QB-TP3-2221" failures="0" tests="4" name="Example" time="13.515" errors="0" timestamp="2023-03-29T11:51:09 IST" skipped="0">
  <testcase classname="Example" name="teslaLaunch" time="5.190"/>
  <system-out/>
  <testcase classname="Example" name="sauceDemoLaunch" time="1.412"/>
  <system-out/>
  <testcase classname="Example" name="sauceDemoLaunch" time="1.412"/>
  <system-out/>
  <testcase classname="Example" name="teslaLaunch" time="5.501"/>
  <system-out/>
</testsuite> <!-- Example -->
