<?xml version="1.0" encoding="UTF-8"?>
<!-- Generated by org.testng.reporters.JUnitReportReporter -->
<testsuite skipped="0" hostname="QB-TP3-2221" name="PercyIntegration.Example" tests="1" failures="0" timestamp="2023-02-27T12:54:03 IST" time="10.699" errors="0">
  <testcase name="getstring" time="10.699" classname="PercyIntegration.Example"/>
  <system-out/>
</testsuite> <!-- PercyIntegration.Example -->
