<?xml version="1.0" encoding="UTF-8"?>
<!-- Generated by org.testng.reporters.JUnitReportReporter -->
<testsuite skipped="0" hostname="QB-TP3-2221" name="Example" tests="1" failures="0" timestamp="2023-03-03T11:31:54 IST" time="8.899" errors="0">
  <testcase name="getstring" time="8.899" classname="Example"/>
  <system-out/>
</testsuite> <!-- Example -->
