<?xml version="1.0" encoding="UTF-8"?>
<!-- Generated by org.testng.reporters.JUnitReportReporter -->
<testsuite hostname="QB-TP3-2221" failures="0" tests="2" name="Example" time="19.450" errors="0" timestamp="2023-04-05T10:28:38 IST" skipped="0">
  <testcase classname="Example" name="teslaLaunch" time="9.728"/>
  <system-out/>
  <testcase classname="Example" name="sauceDemoLaunch" time="9.722"/>
  <system-out/>
</testsuite> <!-- Example -->
