<?xml version="1.0" encoding="UTF-8"?>
<!-- Generated by org.testng.reporters.JUnitReportReporter -->
<testsuite hostname="QB-TP3-2221" failures="0" tests="2" name="Example" time="11.467" errors="0" timestamp="2023-03-27T19:01:44 IST" skipped="0">
  <testcase classname="Example" name="getstring" time="4.543"/>
  <system-out/>
  <testcase classname="Example" name="getUrl" time="6.924"/>
  <system-out/>
</testsuite> <!-- Example -->
