<?xml version="1.0" encoding="UTF-8"?>
<!-- Generated by org.testng.reporters.JUnitReportReporter -->
<testsuite hostname="QB-TP3-2221" failures="0" tests="4" name="Example" time="12.959" errors="0" timestamp="2023-03-29T11:52:12 IST" skipped="0">
  <testcase classname="Example" name="sauceDemoLaunch" time="1.443"/>
  <system-out/>
  <testcase classname="Example" name="teslaLaunch" time="4.975"/>
  <system-out/>
  <testcase classname="Example" name="teslaLaunch" time="5.144"/>
  <system-out/>
  <testcase classname="Example" name="sauceDemoLaunch" time="1.397"/>
  <system-out/>
</testsuite> <!-- Example -->
